#
# There is insufficient memory for the Java Runtime Environment to continue.
# Native memory allocation (malloc) failed to allocate 141557760 bytes for committing reserved memory.
# Possible reasons:
#   The system is out of physical RAM or swap space
#   In 32 bit mode, the process size limit was hit
# Possible solutions:
#   Reduce memory load on the system
#   Increase physical memory or swap space
#   Check if swap backing store is full
#   Use 64 bit Java on a 64 bit OS
#   Decrease Java heap size (-Xmx/-Xms)
#   Decrease number of Java threads
#   Decrease Java thread stack sizes (-Xss)
#   Set larger code cache with -XX:ReservedCodeCacheSize=
# This output file may be truncated or incomplete.
#
#  Out of Memory Error (os_linux.cpp:2718), pid=8238, tid=140213168285440
#
# JRE version: Java(TM) SE Runtime Environment (7.0_45-b18) (build 1.7.0_45-b18)
# Java VM: Java HotSpot(TM) 64-Bit Server VM (24.45-b08 mixed mode linux-amd64 compressed oops)
# Failed to write core dump. Core dumps have been disabled. To enable core dumping, try "ulimit -c unlimited" before starting Java again
#

---------------  T H R E A D  ---------------

Current thread (0x00007f85e8069800):  VMThread [stack: 0x00007f85ec06a000,0x00007f85ec16b000] [id=8247]

Stack: [0x00007f85ec06a000,0x00007f85ec16b000],  sp=0x00007f85ec169330,  free space=1020k
Native frames: (J=compiled Java code, j=interpreted, Vv=VM code, C=native code)
V  [libjvm.so+0x992c8a]  VMError::report_and_die()+0x2ea
V  [libjvm.so+0x49319b]  report_vm_out_of_memory(char const*, int, unsigned long, char const*)+0x9b
V  [libjvm.so+0x81310e]  os::Linux::commit_memory_impl(char*, unsigned long, bool)+0xfe
V  [libjvm.so+0x8135bf]  os::Linux::commit_memory_impl(char*, unsigned long, unsigned long, bool)+0x4f
V  [libjvm.so+0x81377c]  os::pd_commit_memory(char*, unsigned long, unsigned long, bool)+0xc
V  [libjvm.so+0x80d86a]  os::commit_memory(char*, unsigned long, unsigned long, bool)+0x2a
V  [libjvm.so+0x87fa33]  PSVirtualSpace::expand_by(unsigned long)+0x53
V  [libjvm.so+0x86f040]  PSOldGen::expand(unsigned long)+0x170
V  [libjvm.so+0x86f24b]  PSOldGen::resize(unsigned long)+0x1cb
V  [libjvm.so+0x877e50]  PSParallelCompact::invoke_no_policy(bool)+0x970
V  [libjvm.so+0x87dcdd]  PSScavenge::invoke()+0x1ad
V  [libjvm.so+0x994485]  VM_ParallelGCSystemGC::doit()+0x125
V  [libjvm.so+0x99b955]  VM_Operation::evaluate()+0x55
V  [libjvm.so+0x999d8a]  VMThread::evaluate_operation(VM_Operation*)+0xba
V  [libjvm.so+0x99a10e]  VMThread::loop()+0x1ce
V  [libjvm.so+0x99a580]  VMThread::run()+0x70
V  [libjvm.so+0x815288]  java_start(Thread*)+0x108

VM_Operation (0x00007f85f0bf8250): ParallelGCSystemGC, mode: safepoint, requested by thread 0x00007f85e800a000


---------------  P R O C E S S  ---------------

Java Threads: ( => current thread )
  0x00007f85e817f800 JavaThread "pool-2-thread-4" [_thread_blocked, id=8261, stack(0x00007f85e15c8000,0x00007f85e16c9000)]
  0x00007f85e817d800 JavaThread "pool-2-thread-3" [_thread_blocked, id=8260, stack(0x00007f85e16c9000,0x00007f85e17ca000)]
  0x00007f85e817c000 JavaThread "pool-2-thread-2" [_thread_blocked, id=8259, stack(0x00007f85e17ca000,0x00007f85e18cb000)]
  0x00007f85e817b800 JavaThread "pool-3-thread-1" [_thread_blocked, id=8258, stack(0x00007f85e18cb000,0x00007f85e19cc000)]
  0x00007f85e8176000 JavaThread "pool-2-thread-1" [_thread_blocked, id=8257, stack(0x00007f85e19cc000,0x00007f85e1acd000)]
  0x00007f85e8097000 JavaThread "Service Thread" daemon [_thread_blocked, id=8253, stack(0x00007f85e2087000,0x00007f85e2188000)]
  0x00007f85e8095000 JavaThread "C2 CompilerThread1" daemon [_thread_blocked, id=8252, stack(0x00007f85e2188000,0x00007f85e2289000)]
  0x00007f85e8092000 JavaThread "C2 CompilerThread0" daemon [_thread_blocked, id=8251, stack(0x00007f85e2289000,0x00007f85e238a000)]
  0x00007f85e8087800 JavaThread "Signal Dispatcher" daemon [_thread_blocked, id=8250, stack(0x00007f85e238a000,0x00007f85e248b000)]
  0x00007f85e8070000 JavaThread "Finalizer" daemon [_thread_blocked, id=8249, stack(0x00007f85e2b6e000,0x00007f85e2c6f000)]
  0x00007f85e806c000 JavaThread "Reference Handler" daemon [_thread_blocked, id=8248, stack(0x00007f85e2c6f000,0x00007f85e2d70000)]
  0x00007f85e800a000 JavaThread "main" [_thread_blocked, id=8242, stack(0x00007f85f0af9000,0x00007f85f0bfa000)]

Other Threads:
=>0x00007f85e8069800 VMThread [stack: 0x00007f85ec06a000,0x00007f85ec16b000] [id=8247]
  0x00007f85e80a2000 WatcherThread [stack: 0x00007f85e1f86000,0x00007f85e2087000] [id=8254]

VM state:at safepoint (normal execution)

VM Mutex/Monitor currently owned by a thread:  ([mutex/lock_event])
[0x00007f85e8006000] ExpandHeap_lock - owner thread: 0x00007f85e8069800
[0x00007f85e8006680] Threads_lock - owner thread: 0x00007f85e8069800
[0x00007f85e8006b80] Heap_lock - owner thread: 0x00007f85e800a000

Heap
 PSYoungGen      total 264192K, used 12911K [0x00000000eaa80000, 0x0000000100000000, 0x0000000100000000)
  eden space 200192K, 0% used [0x00000000eaa80000,0x00000000eaa80000,0x00000000f6e00000)
  from space 64000K, 20% used [0x00000000fc180000,0x00000000fce1bcc0,0x0000000100000000)
  to   space 74752K, 0% used [0x00000000f6e00000,0x00000000f6e00000,0x00000000fb700000)
 ParOldGen       total 320000K, used 319756K [0x00000000c0000000, 0x00000000d3880000, 0x00000000eaa80000)
  object space 320000K, 99% used [0x00000000c0000000,0x00000000d38433b8,0x00000000d3880000)
 PSPermGen       total 21504K, used 6140K [0x00000000bae00000, 0x00000000bc300000, 0x00000000c0000000)
  object space 21504K, 28% used [0x00000000bae00000,0x00000000bb3ff010,0x00000000bc300000)

Card table byte_map: [0x00007f85edbcb000,0x00007f85eddf5000] byte_map_base: 0x00007f85ed5f4000

Polling page: 0x00007f85f0c16000

Code Cache  [0x00007f85e5000000, 0x00007f85e53d0000, 0x00007f85e8000000)
 total_blobs=1283 nmethods=1053 adapters=183 free_code_cache=45449Kb largest_free_block=46357056

Compilation events (10 events):
Event: 117.517 Thread 0x00007f85e8095000 1073             com.android.dx.cf.direct.StdAttributeFactory::innerClasses (383 bytes)
Event: 117.529 Thread 0x00007f85e8092000 1074             java.util.concurrent.locks.AbstractQueuedSynchronizer::acquire (27 bytes)
Event: 117.532 Thread 0x00007f85e8095000 nmethod 1073 0x00007f85e538c4d0 code [0x00007f85e538c700, 0x00007f85e538d308]
Event: 117.533 Thread 0x00007f85e8092000 nmethod 1074 0x00007f85e52873d0 code [0x00007f85e5287580, 0x00007f85e5287970]
Event: 118.400 Thread 0x00007f85e8095000 1075             com.android.dx.command.dexer.Main::access$1700 (4 bytes)
Event: 118.400 Thread 0x00007f85e8095000 nmethod 1075 0x00007f85e5289050 code [0x00007f85e5289180, 0x00007f85e52891d8]
Event: 118.400 Thread 0x00007f85e8092000 1076             com.android.dx.command.dexer.Main::access$1600 (4 bytes)
Event: 118.400 Thread 0x00007f85e8092000 nmethod 1076 0x00007f85e52871d0 code [0x00007f85e5287300, 0x00007f85e5287358]
Event: 119.759 Thread 0x00007f85e8092000 1078             java.util.concurrent.locks.AbstractQueuedSynchronizer::compareAndSetWaitStatus (13 bytes)
Event: 119.759 Thread 0x00007f85e8092000 nmethod 1078 0x00007f85e5286fd0 code [0x00007f85e5287100, 0x00007f85e5287158]

GC Heap History (10 events):
Event: 114.500 GC heap after
Heap after GC invocations=15 (full 2):
 PSYoungGen      total 285696K, used 34528K [0x00000000eaa80000, 0x00000000fff80000, 0x0000000100000000)
  eden space 221696K, 0% used [0x00000000eaa80000,0x00000000eaa80000,0x00000000f8300000)
  from space 64000K, 53% used [0x00000000f8300000,0x00000000fa4b8180,0x00000000fc180000)
  to   space 63488K, 0% used [0x00000000fc180000,0x00000000fc180000,0x00000000fff80000)
 ParOldGen       total 220160K, used 193144K [0x00000000c0000000, 0x00000000cd700000, 0x00000000eaa80000)
  object space 220160K, 87% used [0x00000000c0000000,0x00000000cbc9e3a0,0x00000000cd700000)
 PSPermGen       total 21504K, used 6071K [0x00000000bae00000, 0x00000000bc300000, 0x00000000c0000000)
  object space 21504K, 28% used [0x00000000bae00000,0x00000000bb3edfc0,0x00000000bc300000)
}
Event: 114.500 GC heap before
{Heap before GC invocations=16 (full 3):
 PSYoungGen      total 285696K, used 34528K [0x00000000eaa80000, 0x00000000fff80000, 0x0000000100000000)
  eden space 221696K, 0% used [0x00000000eaa80000,0x00000000eaa80000,0x00000000f8300000)
  from space 64000K, 53% used [0x00000000f8300000,0x00000000fa4b8180,0x00000000fc180000)
  to   space 63488K, 0% used [0x00000000fc180000,0x00000000fc180000,0x00000000fff80000)
 ParOldGen       total 220160K, used 193144K [0x00000000c0000000, 0x00000000cd700000, 0x00000000eaa80000)
  object space 220160K, 87% used [0x00000000c0000000,0x00000000cbc9e3a0,0x00000000cd700000)
 PSPermGen       total 21504K, used 6071K [0x00000000bae00000, 0x00000000bc300000, 0x00000000c0000000)
  object space 21504K, 28% used [0x00000000bae00000,0x00000000bb3edfc0,0x00000000bc300000)
Event: 115.333 GC heap after
Heap after GC invocations=16 (full 3):
 PSYoungGen      total 285696K, used 6743K [0x00000000eaa80000, 0x00000000fff80000, 0x0000000100000000)
  eden space 221696K, 0% used [0x00000000eaa80000,0x00000000eaa80000,0x00000000f8300000)
  from space 64000K, 10% used [0x00000000f8300000,0x00000000f8995c38,0x00000000fc180000)
  to   space 63488K, 0% used [0x00000000fc180000,0x00000000fc180000,0x00000000fff80000)
 ParOldGen       total 320000K, used 220079K [0x00000000c0000000, 0x00000000d3880000, 0x00000000eaa80000)
  object space 320000K, 68% used [0x00000000c0000000,0x00000000cd6ebfd8,0x00000000d3880000)
 PSPermGen       total 21504K, used 6071K [0x00000000bae00000, 0x00000000bc300000, 0x00000000c0000000)
  object space 21504K, 28% used [0x00000000bae00000,0x00000000bb3ede20,0x00000000bc300000)
}
Event: 116.911 GC heap before
{Heap before GC invocations=17 (full 3):
 PSYoungGen      total 285696K, used 228439K [0x00000000eaa80000, 0x00000000fff80000, 0x0000000100000000)
  eden space 221696K, 100% used [0x00000000eaa80000,0x00000000f8300000,0x00000000f8300000)
  from space 64000K, 10% used [0x00000000f8300000,0x00000000f8995c38,0x00000000fc180000)
  to   space 63488K, 0% used [0x00000000fc180000,0x00000000fc180000,0x00000000fff80000)
 ParOldGen       total 320000K, used 220079K [0x00000000c0000000, 0x00000000d3880000, 0x00000000eaa80000)
  object space 320000K, 68% used [0x00000000c0000000,0x00000000cd6ebfd8,0x00000000d3880000)
 PSPermGen       total 21504K, used 6078K [0x00000000bae00000, 0x00000000bc300000, 0x00000000c0000000)
  object space 21504K, 28% used [0x00000000bae00000,0x00000000bb3efa30,0x00000000bc300000)
Event: 117.009 GC heap after
Heap after GC invocations=17 (full 3):
 PSYoungGen      total 285696K, used 35639K [0x00000000eaa80000, 0x00000000fff80000, 0x0000000100000000)
  eden space 222208K, 0% used [0x00000000eaa80000,0x00000000eaa80000,0x00000000f8380000)
  from space 63488K, 56% used [0x00000000fc180000,0x00000000fe44df08,0x00000000fff80000)
  to   space 63488K, 0% used [0x00000000f8380000,0x00000000f8380000,0x00000000fc180000)
 ParOldGen       total 320000K, used 225679K [0x00000000c0000000, 0x00000000d3880000, 0x00000000eaa80000)
  object space 320000K, 70% used [0x00000000c0000000,0x00000000cdc63fd8,0x00000000d3880000)
 PSPermGen       total 21504K, used 6078K [0x00000000bae00000, 0x00000000bc300000, 0x00000000c0000000)
  object space 21504K, 28% used [0x00000000bae00000,0x00000000bb3efa30,0x00000000bc300000)
}
Event: 117.395 GC heap before
{Heap before GC invocations=18 (full 3):
 PSYoungGen      total 285696K, used 257847K [0x00000000eaa80000, 0x00000000fff80000, 0x0000000100000000)
  eden space 222208K, 100% used [0x00000000eaa80000,0x00000000f8380000,0x00000000f8380000)
  from space 63488K, 56% used [0x00000000fc180000,0x00000000fe44df08,0x00000000fff80000)
  to   space 63488K, 0% used [0x00000000f8380000,0x00000000f8380000,0x00000000fc180000)
 ParOldGen       total 320000K, used 225679K [0x00000000c0000000, 0x00000000d3880000, 0x00000000eaa80000)
  object space 320000K, 70% used [0x00000000c0000000,0x00000000cdc63fd8,0x00000000d3880000)
 PSPermGen       total 21504K, used 6085K [0x00000000bae00000, 0x00000000bc300000, 0x00000000c0000000)
  object space 21504K, 28% used [0x00000000bae00000,0x00000000bb3f16f8,0x00000000bc300000)
Event: 117.459 GC heap after
Heap after GC invocations=18 (full 3):
 PSYoungGen      total 285696K, used 63469K [0x00000000eaa80000, 0x0000000100000000, 0x0000000100000000)
  eden space 222208K, 0% used [0x00000000eaa80000,0x00000000eaa80000,0x00000000f8380000)
  from space 63488K, 99% used [0x00000000f8380000,0x00000000fc17b438,0x00000000fc180000)
  to   space 64000K, 0% used [0x00000000fc180000,0x00000000fc180000,0x0000000100000000)
 ParOldGen       total 320000K, used 234609K [0x00000000c0000000, 0x00000000d3880000, 0x00000000eaa80000)
  object space 320000K, 73% used [0x00000000c0000000,0x00000000ce51c680,0x00000000d3880000)
 PSPermGen       total 21504K, used 6085K [0x00000000bae00000, 0x00000000bc300000, 0x00000000c0000000)
  object space 21504K, 28% used [0x00000000bae00000,0x00000000bb3f16f8,0x00000000bc300000)
}
Event: 119.780 GC heap before
{Heap before GC invocations=19 (full 3):
 PSYoungGen      total 285696K, used 285677K [0x00000000eaa80000, 0x0000000100000000, 0x0000000100000000)
  eden space 222208K, 100% used [0x00000000eaa80000,0x00000000f8380000,0x00000000f8380000)
  from space 63488K, 99% used [0x00000000f8380000,0x00000000fc17b438,0x00000000fc180000)
  to   space 64000K, 0% used [0x00000000fc180000,0x00000000fc180000,0x0000000100000000)
 ParOldGen       total 320000K, used 234611K [0x00000000c0000000, 0x00000000d3880000, 0x00000000eaa80000)
  object space 320000K, 73% used [0x00000000c0000000,0x00000000ce51cfb0,0x00000000d3880000)
 PSPermGen       total 21504K, used 6140K [0x00000000bae00000, 0x00000000bc300000, 0x00000000c0000000)
  object space 21504K, 28% used [0x00000000bae00000,0x00000000bb3ff190,0x00000000bc300000)
Event: 119.948 GC heap after
Heap after GC invocations=19 (full 3):
 PSYoungGen      total 264192K, used 38691K [0x00000000eaa80000, 0x0000000100000000, 0x0000000100000000)
  eden space 200192K, 0% used [0x00000000eaa80000,0x00000000eaa80000,0x00000000f6e00000)
  from space 64000K, 60% used [0x00000000fc180000,0x00000000fe748e18,0x0000000100000000)
  to   space 74752K, 0% used [0x00000000f6e00000,0x00000000f6e00000,0x00000000fb700000)
 ParOldGen       total 320000K, used 298203K [0x00000000c0000000, 0x00000000d3880000, 0x00000000eaa80000)
  object space 320000K, 93% used [0x00000000c0000000,0x00000000d2336e60,0x00000000d3880000)
 PSPermGen       total 21504K, used 6140K [0x00000000bae00000, 0x00000000bc300000, 0x00000000c0000000)
  object space 21504K, 28% used [0x00000000bae00000,0x00000000bb3ff190,0x00000000bc300000)
}
Event: 119.948 GC heap before
{Heap before GC invocations=20 (full 4):
 PSYoungGen      total 264192K, used 38691K [0x00000000eaa80000, 0x0000000100000000, 0x0000000100000000)
  eden space 200192K, 0% used [0x00000000eaa80000,0x00000000eaa80000,0x00000000f6e00000)
  from space 64000K, 60% used [0x00000000fc180000,0x00000000fe748e18,0x0000000100000000)
  to   space 74752K, 0% used [0x00000000f6e00000,0x00000000f6e00000,0x00000000fb700000)
 ParOldGen       total 320000K, used 298203K [0x00000000c0000000, 0x00000000d3880000, 0x00000000eaa80000)
  object space 320000K, 93% used [0x00000000c0000000,0x00000000d2336e60,0x00000000d3880000)
 PSPermGen       total 21504K, used 6140K [0x00000000bae00000, 0x00000000bc300000, 0x00000000c0000000)
  object space 21504K, 28% used [0x00000000bae00000,0x00000000bb3ff190,0x00000000bc300000)

Deoptimization events (10 events):
Event: 114.094 Thread 0x00007f85e800a000 Uncommon trap: reason=bimorphic action=maybe_recompile pc=0x00007f85e5284e2c method=com.android.dx.ssa.back.FirstFitLocalCombiningAllocator.findNextUnreservedRopReg(IILcom/android/dx/ssa/back/FirstFitLocalCombiningAllocator$Alignment;)I @ 60
Event: 114.095 Thread 0x00007f85e800a000 Uncommon trap: reason=bimorphic action=maybe_recompile pc=0x00007f85e5284e2c method=com.android.dx.ssa.back.FirstFitLocalCombiningAllocator.findNextUnreservedRopReg(IILcom/android/dx/ssa/back/FirstFitLocalCombiningAllocator$Alignment;)I @ 60
Event: 114.289 Thread 0x00007f85e817f800 Uncommon trap: reason=class_check action=maybe_recompile pc=0x00007f85e512ffe4 method=com.android.dx.ssa.SCCP.replaceConstants()V @ 182
Event: 114.403 Thread 0x00007f85e817f800 Uncommon trap: reason=bimorphic action=maybe_recompile pc=0x00007f85e51d7f30 method=com.android.dx.ssa.back.FirstFitLocalCombiningAllocator.findNextUnreservedRopReg(IILcom/android/dx/ssa/back/FirstFitLocalCombiningAllocator$Alignment;)I @ 60
Event: 116.166 Thread 0x00007f85e8176000 Uncommon trap: reason=bimorphic action=maybe_recompile pc=0x00007f85e51ad1ec method=com.android.dx.ssa.LiteralOpUpgrader.tryReplacingWithConstant(Lcom/android/dx/ssa/NormalSsaInsn;)Z @ 62
Event: 116.241 Thread 0x00007f85e817f800 Uncommon trap: reason=bimorphic action=maybe_recompile pc=0x00007f85e53939e4 method=com.android.dx.cf.code.BytecodeArray.parseInstruction(ILcom/android/dx/cf/code/BytecodeArray$Visitor;)I @ 1327
Event: 116.241 Thread 0x00007f85e817f800 Uncommon trap: reason=bimorphic action=maybe_recompile pc=0x00007f85e53939e4 method=com.android.dx.cf.code.BytecodeArray.parseInstruction(ILcom/android/dx/cf/code/BytecodeArray$Visitor;)I @ 1327
Event: 117.013 Thread 0x00007f85e817f800 Uncommon trap: reason=bimorphic action=maybe_recompile pc=0x00007f85e53b0858 method=com.android.dx.cf.code.BytecodeArray.parseInstruction(ILcom/android/dx/cf/code/BytecodeArray$Visitor;)I @ 891
Event: 117.013 Thread 0x00007f85e817f800 Uncommon trap: reason=bimorphic action=maybe_recompile pc=0x00007f85e53b0858 method=com.android.dx.cf.code.BytecodeArray.parseInstruction(ILcom/android/dx/cf/code/BytecodeArray$Visitor;)I @ 891
Event: 119.731 Thread 0x00007f85e817f800 Uncommon trap: reason=class_check action=maybe_recompile pc=0x00007f85e515b834 method=java.util.TimSort.mergeLo(IIII)V @ 185

Internal exceptions (10 events):
Event: 8.787 Thread 0x00007f85e817d800 Threw 0x00000000ec294490 at /HUDSON/workspace/7u-2-build-linux-amd64/jdk7u45/229/hotspot/src/share/vm/prims/jvm.cpp:1244
Event: 9.244 Thread 0x00007f85e817f800 Implicit null exception at 0x00007f85e5181529 to 0x00007f85e5184c25
Event: 19.756 Thread 0x00007f85e800a000 Threw 0x00000000ed295338 at /HUDSON/workspace/7u-2-build-linux-amd64/jdk7u45/229/hotspot/src/share/vm/prims/jvm.cpp:1244
Event: 22.169 Thread 0x00007f85e817c000 Implicit null exception at 0x00007f85e5279c1b to 0x00007f85e527a78d
Event: 22.170 Thread 0x00007f85e817d800 Implicit null exception at 0x00007f85e5279c1b to 0x00007f85e527a78d
Event: 106.119 Thread 0x00007f85e800a000 Threw 0x00000000f09375a0 at /HUDSON/workspace/7u-2-build-linux-amd64/jdk7u45/229/hotspot/src/share/vm/prims/jvm.cpp:1244
Event: 110.525 Thread 0x00007f85e817c000 Threw 0x00000000efd35fe0 at /HUDSON/workspace/7u-2-build-linux-amd64/jdk7u45/229/hotspot/src/share/vm/prims/jvm.cpp:1244
Event: 111.038 Thread 0x00007f85e817f800 Implicit null exception at 0x00007f85e525c99f to 0x00007f85e525cc25
Event: 111.038 Thread 0x00007f85e817f800 Implicit null exception at 0x00007f85e5153e6b to 0x00007f85e51540d5
Event: 111.050 Thread 0x00007f85e817d800 Implicit null exception at 0x00007f85e51297bc to 0x00007f85e51298d1

Events (10 events):
Event: 117.178 Thread 0x00007f85e8095000 flushing nmethod 0x00007f85e525c7d0
Event: 117.234 Thread 0x00007f85e8095000 flushing nmethod 0x00007f85e537e450
Event: 117.394 Executing VM operation: ParallelGCFailedAllocation
Event: 117.459 Executing VM operation: ParallelGCFailedAllocation done
Event: 119.731 Thread 0x00007f85e817f800 Uncommon trap: trap_request=0xffffffde fr.pc=0x00007f85e515b834
Event: 119.731 Thread 0x00007f85e817f800 DEOPT PACKING pc=0x00007f85e515b834 sp=0x00007f85e16c6f00
Event: 119.731 Thread 0x00007f85e817f800 DEOPT UNPACKING pc=0x00007f85e5039445 sp=0x00007f85e16c6f00 mode 2
Event: 119.778 Executing VM operation: ParallelGCFailedAllocation
Event: 119.780 Executing VM operation: ParallelGCFailedAllocation done
Event: 119.780 Executing VM operation: ParallelGCSystemGC


Dynamic libraries:
00400000-00401000 r-xp 00000000 08:07 16391360                           /usr/lib/jvm/jdk1.7.0/bin/java
00600000-00601000 rw-p 00000000 08:07 16391360                           /usr/lib/jvm/jdk1.7.0/bin/java
00aaa000-00acb000 rw-p 00000000 00:00 0                                  [heap]
bae00000-bc300000 rw-p 00000000 00:00 0 
bc300000-c0000000 rw-p 00000000 00:00 0 
c0000000-d3880000 rw-p 00000000 00:00 0 
dbf80000-eaa80000 rw-p 00000000 00:00 0 
eaa80000-100000000 rw-p 00000000 00:00 0 
7f8594000000-7f8594026000 rw-p 00000000 00:00 0 
7f8594026000-7f8598000000 ---p 00000000 00:00 0 
7f8598000000-7f8598021000 rw-p 00000000 00:00 0 
7f8598021000-7f859c000000 ---p 00000000 00:00 0 
7f859c000000-7f859c021000 rw-p 00000000 00:00 0 
7f859c021000-7f85a0000000 ---p 00000000 00:00 0 
7f85a0000000-7f85a0029000 rw-p 00000000 00:00 0 
7f85a0029000-7f85a4000000 ---p 00000000 00:00 0 
7f85a4000000-7f85a4021000 rw-p 00000000 00:00 0 
7f85a4021000-7f85a8000000 ---p 00000000 00:00 0 
7f85a8000000-7f85a8042000 rw-p 00000000 00:00 0 
7f85a8042000-7f85ac000000 ---p 00000000 00:00 0 
7f85ac000000-7f85ad34d000 rw-p 00000000 00:00 0 
7f85ad34d000-7f85b0000000 ---p 00000000 00:00 0 
7f85b0000000-7f85b0021000 rw-p 00000000 00:00 0 
7f85b0021000-7f85b4000000 ---p 00000000 00:00 0 
7f85b4000000-7f85b4021000 rw-p 00000000 00:00 0 
7f85b4021000-7f85b8000000 ---p 00000000 00:00 0 
7f85b8000000-7f85ba199000 rw-p 00000000 00:00 0 
7f85ba199000-7f85bc000000 ---p 00000000 00:00 0 
7f85bc000000-7f85bc021000 rw-p 00000000 00:00 0 
7f85bc021000-7f85c0000000 ---p 00000000 00:00 0 
7f85c0000000-7f85c0021000 rw-p 00000000 00:00 0 
7f85c0021000-7f85c4000000 ---p 00000000 00:00 0 
7f85c4000000-7f85c4021000 rw-p 00000000 00:00 0 
7f85c4021000-7f85c8000000 ---p 00000000 00:00 0 
7f85c8000000-7f85c824c000 rw-p 00000000 00:00 0 
7f85c824c000-7f85cc000000 ---p 00000000 00:00 0 
7f85cc000000-7f85cc021000 rw-p 00000000 00:00 0 
7f85cc021000-7f85d0000000 ---p 00000000 00:00 0 
7f85d4000000-7f85d4026000 rw-p 00000000 00:00 0 
7f85d4026000-7f85d8000000 ---p 00000000 00:00 0 
7f85dc000000-7f85dc021000 rw-p 00000000 00:00 0 
7f85dc021000-7f85e0000000 ---p 00000000 00:00 0 
7f85e15c8000-7f85e15cb000 ---p 00000000 00:00 0 
7f85e15cb000-7f85e16c9000 rw-p 00000000 00:00 0                          [stack:8261]
7f85e16c9000-7f85e16cc000 ---p 00000000 00:00 0 
7f85e16cc000-7f85e17ca000 rw-p 00000000 00:00 0                          [stack:8260]
7f85e17ca000-7f85e17cd000 ---p 00000000 00:00 0 
7f85e17cd000-7f85e18cb000 rw-p 00000000 00:00 0                          [stack:8259]
7f85e18cb000-7f85e18ce000 ---p 00000000 00:00 0 
7f85e18ce000-7f85e19cc000 rw-p 00000000 00:00 0                          [stack:8258]
7f85e19cc000-7f85e19cf000 ---p 00000000 00:00 0 
7f85e19cf000-7f85e1acd000 rw-p 00000000 00:00 0                          [stack:8257]
7f85e1acd000-7f85e1ae3000 r-xp 00000000 08:07 17957934                   /usr/lib/jvm/jdk1.7.0/jre/lib/amd64/libnet.so
7f85e1ae3000-7f85e1ce3000 ---p 00016000 08:07 17957934                   /usr/lib/jvm/jdk1.7.0/jre/lib/amd64/libnet.so
7f85e1ce3000-7f85e1ce4000 rw-p 00016000 08:07 17957934                   /usr/lib/jvm/jdk1.7.0/jre/lib/amd64/libnet.so
7f85e1ce4000-7f85e1cf4000 r-xp 00000000 08:07 17957983                   /usr/lib/jvm/jdk1.7.0/jre/lib/amd64/libnio.so
7f85e1cf4000-7f85e1ef4000 ---p 00010000 08:07 17957983                   /usr/lib/jvm/jdk1.7.0/jre/lib/amd64/libnio.so
7f85e1ef4000-7f85e1ef5000 rw-p 00010000 08:07 17957983                   /usr/lib/jvm/jdk1.7.0/jre/lib/amd64/libnio.so
7f85e1ef5000-7f85e1f86000 r--s 006b5000 08:07 19797500                   /home/jyoshna/ShiranGitProjects/sathi-tv/app/build/intermediates/transforms/jarMerging/debug/jars/1/1f/combined.jar
7f85e1f86000-7f85e1f87000 ---p 00000000 00:00 0 
7f85e1f87000-7f85e2087000 rw-p 00000000 00:00 0                          [stack:8254]
7f85e2087000-7f85e208a000 ---p 00000000 00:00 0 
7f85e208a000-7f85e2188000 rw-p 00000000 00:00 0                          [stack:8253]
7f85e2188000-7f85e218b000 ---p 00000000 00:00 0 
7f85e218b000-7f85e2289000 rw-p 00000000 00:00 0                          [stack:8252]
7f85e2289000-7f85e228c000 ---p 00000000 00:00 0 
7f85e228c000-7f85e238a000 rw-p 00000000 00:00 0                          [stack:8251]
7f85e238a000-7f85e238d000 ---p 00000000 00:00 0 
7f85e238d000-7f85e248b000 rw-p 00000000 00:00 0                          [stack:8250]
7f85e248b000-7f85e2b6e000 r--p 00000000 08:07 1841788                    /usr/lib/locale/locale-archive
7f85e2b6e000-7f85e2b71000 ---p 00000000 00:00 0 
7f85e2b71000-7f85e2c6f000 rw-p 00000000 00:00 0                          [stack:8249]
7f85e2c6f000-7f85e2c72000 ---p 00000000 00:00 0 
7f85e2c72000-7f85e5000000 rw-p 00000000 00:00 0                          [stack:8248]
7f85e5000000-7f85e53d0000 rwxp 00000000 00:00 0 
7f85e53d0000-7f85e829e000 rw-p 00000000 00:00 0 
7f85e829e000-7f85ec000000 ---p 00000000 00:00 0 
7f85ec06a000-7f85ec06b000 ---p 00000000 00:00 0 
7f85ec06b000-7f85ed16a000 rw-p 00000000 00:00 0                          [stack:8247]
7f85ed16a000-7f85ed326000 r--s 039b2000 08:07 16649389                   /usr/lib/jvm/jdk1.7.0/jre/lib/rt.jar
7f85ed326000-7f85ed648000 rw-p 00000000 00:00 0 
7f85ed648000-7f85ed649000 ---p 00000000 00:00 0 
7f85ed649000-7f85ed749000 rw-p 00000000 00:00 0                          [stack:8246]
7f85ed749000-7f85ed74a000 ---p 00000000 00:00 0 
7f85ed74a000-7f85ed84a000 rw-p 00000000 00:00 0                          [stack:8245]
7f85ed84a000-7f85ed84b000 ---p 00000000 00:00 0 
7f85ed84b000-7f85ed94b000 rw-p 00000000 00:00 0                          [stack:8244]
7f85ed94b000-7f85ed94c000 ---p 00000000 00:00 0 
7f85ed94c000-7f85eda57000 rw-p 00000000 00:00 0                          [stack:8243]
7f85eda57000-7f85eda75000 rw-p 00000000 00:00 0 
7f85eda75000-7f85edb12000 rw-p 00000000 00:00 0 
7f85edb12000-7f85edbcb000 rw-p 00000000 00:00 0 
7f85edbcb000-7f85edbd6000 rw-p 00000000 00:00 0 
7f85edbd6000-7f85edbf4000 rw-p 00000000 00:00 0 
7f85edbf4000-7f85edc91000 rw-p 00000000 00:00 0 
7f85edc91000-7f85edd49000 rw-p 00000000 00:00 0 
7f85edd49000-7f85eddf4000 rw-p 00000000 00:00 0 
7f85eddf4000-7f85eddf5000 rw-p 00000000 00:00 0 
7f85eddf5000-7f85ede0f000 r-xp 00000000 08:07 17957959                   /usr/lib/jvm/jdk1.7.0/jre/lib/amd64/libzip.so
7f85ede0f000-7f85ee00f000 ---p 0001a000 08:07 17957959                   /usr/lib/jvm/jdk1.7.0/jre/lib/amd64/libzip.so
7f85ee00f000-7f85ee010000 rw-p 0001a000 08:07 17957959                   /usr/lib/jvm/jdk1.7.0/jre/lib/amd64/libzip.so
7f85ee010000-7f85ee01b000 r-xp 00000000 08:07 20717816                   /lib/x86_64-linux-gnu/libnss_files-2.19.so
7f85ee01b000-7f85ee21a000 ---p 0000b000 08:07 20717816                   /lib/x86_64-linux-gnu/libnss_files-2.19.so
7f85ee21a000-7f85ee21b000 r--p 0000a000 08:07 20717816                   /lib/x86_64-linux-gnu/libnss_files-2.19.so
7f85ee21b000-7f85ee21c000 rw-p 0000b000 08:07 20717816                   /lib/x86_64-linux-gnu/libnss_files-2.19.so
7f85ee21c000-7f85ee227000 r-xp 00000000 08:07 20717836                   /lib/x86_64-linux-gnu/libnss_nis-2.19.so
7f85ee227000-7f85ee426000 ---p 0000b000 08:07 20717836                   /lib/x86_64-linux-gnu/libnss_nis-2.19.so
7f85ee426000-7f85ee427000 r--p 0000a000 08:07 20717836                   /lib/x86_64-linux-gnu/libnss_nis-2.19.so
7f85ee427000-7f85ee428000 rw-p 0000b000 08:07 20717836                   /lib/x86_64-linux-gnu/libnss_nis-2.19.so
7f85ee428000-7f85ee43f000 r-xp 00000000 08:07 20717825                   /lib/x86_64-linux-gnu/libnsl-2.19.so
7f85ee43f000-7f85ee63e000 ---p 00017000 08:07 20717825                   /lib/x86_64-linux-gnu/libnsl-2.19.so
7f85ee63e000-7f85ee63f000 r--p 00016000 08:07 20717825                   /lib/x86_64-linux-gnu/libnsl-2.19.so
7f85ee63f000-7f85ee640000 rw-p 00017000 08:07 20717825                   /lib/x86_64-linux-gnu/libnsl-2.19.so
7f85ee640000-7f85ee642000 rw-p 00000000 00:00 0 
7f85ee642000-7f85ee64b000 r-xp 00000000 08:07 20717824                   /lib/x86_64-linux-gnu/libnss_compat-2.19.so
7f85ee64b000-7f85ee84a000 ---p 00009000 08:07 20717824                   /lib/x86_64-linux-gnu/libnss_compat-2.19.so
7f85ee84a000-7f85ee84b000 r--p 00008000 08:07 20717824                   /lib/x86_64-linux-gnu/libnss_compat-2.19.so
7f85ee84b000-7f85ee84c000 rw-p 00009000 08:07 20717824                   /lib/x86_64-linux-gnu/libnss_compat-2.19.so
7f85ee84c000-7f85ee875000 r-xp 00000000 08:07 17957950                   /usr/lib/jvm/jdk1.7.0/jre/lib/amd64/libjava.so
7f85ee875000-7f85eea75000 ---p 00029000 08:07 17957950                   /usr/lib/jvm/jdk1.7.0/jre/lib/amd64/libjava.so
7f85eea75000-7f85eea77000 rw-p 00029000 08:07 17957950                   /usr/lib/jvm/jdk1.7.0/jre/lib/amd64/libjava.so
7f85eea77000-7f85eea84000 r-xp 00000000 08:07 17957939                   /usr/lib/jvm/jdk1.7.0/jre/lib/amd64/libverify.so
7f85eea84000-7f85eec83000 ---p 0000d000 08:07 17957939                   /usr/lib/jvm/jdk1.7.0/jre/lib/amd64/libverify.so
7f85eec83000-7f85eec85000 rw-p 0000c000 08:07 17957939                   /usr/lib/jvm/jdk1.7.0/jre/lib/amd64/libverify.so
7f85eec85000-7f85eec8c000 r-xp 00000000 08:07 20717833                   /lib/x86_64-linux-gnu/librt-2.19.so
7f85eec8c000-7f85eee8b000 ---p 00007000 08:07 20717833                   /lib/x86_64-linux-gnu/librt-2.19.so
7f85eee8b000-7f85eee8c000 r--p 00006000 08:07 20717833                   /lib/x86_64-linux-gnu/librt-2.19.so
7f85eee8c000-7f85eee8d000 rw-p 00007000 08:07 20717833                   /lib/x86_64-linux-gnu/librt-2.19.so
7f85eee8d000-7f85eef92000 r-xp 00000000 08:07 20717815                   /lib/x86_64-linux-gnu/libm-2.19.so
7f85eef92000-7f85ef191000 ---p 00105000 08:07 20717815                   /lib/x86_64-linux-gnu/libm-2.19.so
7f85ef191000-7f85ef192000 r--p 00104000 08:07 20717815                   /lib/x86_64-linux-gnu/libm-2.19.so
7f85ef192000-7f85ef193000 rw-p 00105000 08:07 20717815                   /lib/x86_64-linux-gnu/libm-2.19.so
7f85ef193000-7f85efcf5000 r-xp 00000000 08:07 17957957                   /usr/lib/jvm/jdk1.7.0/jre/lib/amd64/server/libjvm.so
7f85efcf5000-7f85efef5000 ---p 00b62000 08:07 17957957                   /usr/lib/jvm/jdk1.7.0/jre/lib/amd64/server/libjvm.so
7f85efef5000-7f85effb8000 rw-p 00b62000 08:07 17957957                   /usr/lib/jvm/jdk1.7.0/jre/lib/amd64/server/libjvm.so
7f85effb8000-7f85efff9000 rw-p 00000000 00:00 0 
7f85efff9000-7f85f01b4000 r-xp 00000000 08:07 20717830                   /lib/x86_64-linux-gnu/libc-2.19.so
7f85f01b4000-7f85f03b3000 ---p 001bb000 08:07 20717830                   /lib/x86_64-linux-gnu/libc-2.19.so
7f85f03b3000-7f85f03b7000 r--p 001ba000 08:07 20717830                   /lib/x86_64-linux-gnu/libc-2.19.so
7f85f03b7000-7f85f03b9000 rw-p 001be000 08:07 20717830                   /lib/x86_64-linux-gnu/libc-2.19.so
7f85f03b9000-7f85f03be000 rw-p 00000000 00:00 0 
7f85f03be000-7f85f03c1000 r-xp 00000000 08:07 20717819                   /lib/x86_64-linux-gnu/libdl-2.19.so
7f85f03c1000-7f85f05c0000 ---p 00003000 08:07 20717819                   /lib/x86_64-linux-gnu/libdl-2.19.so
7f85f05c0000-7f85f05c1000 r--p 00002000 08:07 20717819                   /lib/x86_64-linux-gnu/libdl-2.19.so
7f85f05c1000-7f85f05c2000 rw-p 00003000 08:07 20717819                   /lib/x86_64-linux-gnu/libdl-2.19.so
7f85f05c2000-7f85f05d8000 r-xp 00000000 08:07 17957221                   /usr/lib/jvm/jdk1.7.0/lib/amd64/jli/libjli.so
7f85f05d8000-7f85f07d8000 ---p 00016000 08:07 17957221                   /usr/lib/jvm/jdk1.7.0/lib/amd64/jli/libjli.so
7f85f07d8000-7f85f07d9000 rw-p 00016000 08:07 17957221                   /usr/lib/jvm/jdk1.7.0/lib/amd64/jli/libjli.so
7f85f07d9000-7f85f07f2000 r-xp 00000000 08:07 20717831                   /lib/x86_64-linux-gnu/libpthread-2.19.so
7f85f07f2000-7f85f09f1000 ---p 00019000 08:07 20717831                   /lib/x86_64-linux-gnu/libpthread-2.19.so
7f85f09f1000-7f85f09f2000 r--p 00018000 08:07 20717831                   /lib/x86_64-linux-gnu/libpthread-2.19.so
7f85f09f2000-7f85f09f3000 rw-p 00019000 08:07 20717831                   /lib/x86_64-linux-gnu/libpthread-2.19.so
7f85f09f3000-7f85f09f7000 rw-p 00000000 00:00 0 
7f85f09f7000-7f85f0a1a000 r-xp 00000000 08:07 20717827                   /lib/x86_64-linux-gnu/ld-2.19.so
7f85f0a22000-7f85f0a49000 rw-p 00000000 00:00 0 
7f85f0a49000-7f85f0af9000 rw-p 00000000 00:00 0 
7f85f0af9000-7f85f0afc000 ---p 00000000 00:00 0 
7f85f0afc000-7f85f0bfe000 rw-p 00000000 00:00 0                          [stack:8242]
7f85f0bfe000-7f85f0c0d000 r--s 000df000 08:07 17833057                   /home/jyoshna/android-studio/studio-14/sdk/build-tools/23.0.2/lib/dx.jar
7f85f0c0d000-7f85f0c15000 rw-s 00000000 08:07 4070448                    /tmp/hsperfdata_jyoshna/8238
7f85f0c15000-7f85f0c16000 rw-p 00000000 00:00 0 
7f85f0c16000-7f85f0c17000 ---p 00000000 00:00 0 
7f85f0c17000-7f85f0c19000 rw-p 00000000 00:00 0 
7f85f0c19000-7f85f0c1a000 r--p 00022000 08:07 20717827                   /lib/x86_64-linux-gnu/ld-2.19.so
7f85f0c1a000-7f85f0c1b000 rw-p 00023000 08:07 20717827                   /lib/x86_64-linux-gnu/ld-2.19.so
7f85f0c1b000-7f85f0c1c000 rw-p 00000000 00:00 0 
7ffe917ea000-7ffe9180c000 rw-p 00000000 00:00 0                          [stack]
7ffe919df000-7ffe919e1000 r-xp 00000000 00:00 0                          [vdso]
ffffffffff600000-ffffffffff601000 r-xp 00000000 00:00 0                  [vsyscall]

VM Arguments:
jvm_args: -Djava.awt.headless=true -Xmx1024M -Dfile.encoding=UTF-8 -Duser.country=US -Duser.language=en -Duser.variant 
java_command: com.android.dx.command.Main --dex --num-threads=4 --multi-dex --main-dex-list /home/jyoshna/ShiranGitProjects/sathi-tv/app/build/intermediates/multi-dex/debug/maindexlist.txt --output /home/jyoshna/ShiranGitProjects/sathi-tv/app/build/intermediates/transforms/dex/debug/folders/1000/1f/main /home/jyoshna/ShiranGitProjects/sathi-tv/app/build/intermediates/transforms/jarMerging/debug/jars/1/1f/combined.jar
Launcher Type: SUN_STANDARD

Environment Variables:
JAVA_HOME=/usr/lib/jvm/jdk1.7.0
PATH=/home/jyoshna/.genymotion:/usr/local/sbin:/usr/local/bin:/usr/sbin:/usr/bin:/sbin:/bin:/usr/games:/usr/local/games:/home/jyoshna/bin:/usr/lib/jvm/jdk1.7.0/bin
LD_LIBRARY_PATH=.:
SHELL=/bin/bash
DISPLAY=:0

Signal Handlers:
SIGSEGV: [libjvm.so+0x9935b0], sa_mask[0]=0x7ffbfeff, sa_flags=0x10000004
SIGBUS: [libjvm.so+0x9935b0], sa_mask[0]=0x7ffbfeff, sa_flags=0x10000004
SIGFPE: [libjvm.so+0x810330], sa_mask[0]=0x7ffbfeff, sa_flags=0x10000004
SIGPIPE: [libjvm.so+0x810330], sa_mask[0]=0x7ffbfeff, sa_flags=0x10000004
SIGXFSZ: [libjvm.so+0x810330], sa_mask[0]=0x7ffbfeff, sa_flags=0x10000004
SIGILL: [libjvm.so+0x810330], sa_mask[0]=0x7ffbfeff, sa_flags=0x10000004
SIGUSR1: SIG_DFL, sa_mask[0]=0x00000000, sa_flags=0x00000000
SIGUSR2: [libjvm.so+0x811820], sa_mask[0]=0x00000004, sa_flags=0x10000004
SIGHUP: [libjvm.so+0x812790], sa_mask[0]=0x7ffbfeff, sa_flags=0x10000004
SIGINT: [libjvm.so+0x812790], sa_mask[0]=0x7ffbfeff, sa_flags=0x10000004
SIGTERM: [libjvm.so+0x812790], sa_mask[0]=0x7ffbfeff, sa_flags=0x10000004
SIGQUIT: [libjvm.so+0x812790], sa_mask[0]=0x7ffbfeff, sa_flags=0x10000004


---------------  S Y S T E M  ---------------

OS:jessie/sid

uname:Linux 3.13.0-62-generic #102-Ubuntu SMP Tue Aug 11 14:29:36 UTC 2015 x86_64
libc:glibc 2.19 NPTL 2.19 
rlimit: STACK 8192k, CORE 0k, NPROC 62687, NOFILE 4096, AS infinity
load average:16.07 7.79 3.74

/proc/meminfo:
MemTotal:        8045632 kB
MemFree:          124604 kB
Buffers:            1168 kB
Cached:          3211096 kB
SwapCached:        36764 kB
Active:          5372048 kB
Inactive:        1205272 kB
Active(anon):    5353304 kB
Inactive(anon):  1173168 kB
Active(file):      18744 kB
Inactive(file):    32104 kB
Unevictable:          68 kB
Mlocked:              68 kB
SwapTotal:       3905532 kB
SwapFree:           1488 kB
Dirty:               540 kB
Writeback:             0 kB
AnonPages:       3329588 kB
Mapped:          3866184 kB
Shmem:           3160796 kB
Slab:              99120 kB
SReclaimable:      45772 kB
SUnreclaim:        53348 kB
KernelStack:        5960 kB
PageTables:        62392 kB
NFS_Unstable:          0 kB
Bounce:                0 kB
WritebackTmp:          0 kB
CommitLimit:     7928348 kB
Committed_AS:   16636576 kB
VmallocTotal:   34359738367 kB
VmallocUsed:      358200 kB
VmallocChunk:   34359373272 kB
HardwareCorrupted:     0 kB
AnonHugePages:   1021952 kB
HugePages_Total:       0
HugePages_Free:        0
HugePages_Rsvd:        0
HugePages_Surp:        0
Hugepagesize:       2048 kB
DirectMap4k:      126888 kB
DirectMap2M:     8130560 kB


CPU:total 4 (4 cores per cpu, 1 threads per core) family 6 model 58 stepping 9, cmov, cx8, fxsr, mmx, sse, sse2, sse3, ssse3, sse4.1, sse4.2, popcnt, avx, aes, erms, tsc, tscinvbit, tscinv

/proc/cpuinfo:
processor	: 0
vendor_id	: GenuineIntel
cpu family	: 6
model		: 58
model name	: Intel(R) Core(TM) i5-3340 CPU @ 3.10GHz
stepping	: 9
microcode	: 0x17
cpu MHz		: 1600.000
cache size	: 6144 KB
physical id	: 0
siblings	: 4
core id		: 0
cpu cores	: 4
apicid		: 0
initial apicid	: 0
fpu		: yes
fpu_exception	: yes
cpuid level	: 13
wp		: yes
flags		: fpu vme de pse tsc msr pae mce cx8 apic sep mtrr pge mca cmov pat pse36 clflush dts acpi mmx fxsr sse sse2 ss ht tm pbe syscall nx rdtscp lm constant_tsc arch_perfmon pebs bts rep_good nopl xtopology nonstop_tsc aperfmperf eagerfpu pni pclmulqdq dtes64 monitor ds_cpl vmx est tm2 ssse3 cx16 xtpr pdcm pcid sse4_1 sse4_2 x2apic popcnt tsc_deadline_timer aes xsave avx f16c rdrand lahf_lm ida arat epb xsaveopt pln pts dtherm tpr_shadow vnmi flexpriority ept vpid fsgsbase smep erms
bogomips	: 6187.92
clflush size	: 64
cache_alignment	: 64
address sizes	: 36 bits physical, 48 bits virtual
power management:

processor	: 1
vendor_id	: GenuineIntel
cpu family	: 6
model		: 58
model name	: Intel(R) Core(TM) i5-3340 CPU @ 3.10GHz
stepping	: 9
microcode	: 0x17
cpu MHz		: 3101.000
cache size	: 6144 KB
physical id	: 0
siblings	: 4
core id		: 1
cpu cores	: 4
apicid		: 2
initial apicid	: 2
fpu		: yes
fpu_exception	: yes
cpuid level	: 13
wp		: yes
flags		: fpu vme de pse tsc msr pae mce cx8 apic sep mtrr pge mca cmov pat pse36 clflush dts acpi mmx fxsr sse sse2 ss ht tm pbe syscall nx rdtscp lm constant_tsc arch_perfmon pebs bts rep_good nopl xtopology nonstop_tsc aperfmperf eagerfpu pni pclmulqdq dtes64 monitor ds_cpl vmx est tm2 ssse3 cx16 xtpr pdcm pcid sse4_1 sse4_2 x2apic popcnt tsc_deadline_timer aes xsave avx f16c rdrand lahf_lm ida arat epb xsaveopt pln pts dtherm tpr_shadow vnmi flexpriority ept vpid fsgsbase smep erms
bogomips	: 6187.92
clflush size	: 64
cache_alignment	: 64
address sizes	: 36 bits physical, 48 bits virtual
power management:

processor	: 2
vendor_id	: GenuineIntel
cpu family	: 6
model		: 58
model name	: Intel(R) Core(TM) i5-3340 CPU @ 3.10GHz
stepping	: 9
microcode	: 0x17
cpu MHz		: 3101.000
cache size	: 6144 KB
physical id	: 0
siblings	: 4
core id		: 2
cpu cores	: 4
apicid		: 4
initial apicid	: 4
fpu		: yes
fpu_exception	: yes
cpuid level	: 13
wp		: yes
flags		: fpu vme de pse tsc msr pae mce cx8 apic sep mtrr pge mca cmov pat pse36 clflush dts acpi mmx fxsr sse sse2 ss ht tm pbe syscall nx rdtscp lm constant_tsc arch_perfmon pebs bts rep_good nopl xtopology nonstop_tsc aperfmperf eagerfpu pni pclmulqdq dtes64 monitor ds_cpl vmx est tm2 ssse3 cx16 xtpr pdcm pcid sse4_1 sse4_2 x2apic popcnt tsc_deadline_timer aes xsave avx f16c rdrand lahf_lm ida arat epb xsaveopt pln pts dtherm tpr_shadow vnmi flexpriority ept vpid fsgsbase smep erms
bogomips	: 6187.92
clflush size	: 64
cache_alignment	: 64
address sizes	: 36 bits physical, 48 bits virtual
power management:

processor	: 3
vendor_id	: GenuineIntel
cpu family	: 6
model		: 58
model name	: Intel(R) Core(TM) i5-3340 CPU @ 3.10GHz
stepping	: 9
microcode	: 0x17
cpu MHz		: 3101.000
cache size	: 6144 KB
physical id	: 0
siblings	: 4
core id		: 3
cpu cores	: 4
apicid		: 6
initial apicid	: 6
fpu		: yes
fpu_exception	: yes
cpuid level	: 13
wp		: yes
flags		: fpu vme de pse tsc msr pae mce cx8 apic sep mtrr pge mca cmov pat pse36 clflush dts acpi mmx fxsr sse sse2 ss ht tm pbe syscall nx rdtscp lm constant_tsc arch_perfmon pebs bts rep_good nopl xtopology nonstop_tsc aperfmperf eagerfpu pni pclmulqdq dtes64 monitor ds_cpl vmx est tm2 ssse3 cx16 xtpr pdcm pcid sse4_1 sse4_2 x2apic popcnt tsc_deadline_timer aes xsave avx f16c rdrand lahf_lm ida arat epb xsaveopt pln pts dtherm tpr_shadow vnmi flexpriority ept vpid fsgsbase smep erms
bogomips	: 6187.92
clflush size	: 64
cache_alignment	: 64
address sizes	: 36 bits physical, 48 bits virtual
power management:



Memory: 4k page, physical 8045632k(124604k free), swap 3905532k(1488k free)

vm_info: Java HotSpot(TM) 64-Bit Server VM (24.45-b08) for linux-amd64 JRE (1.7.0_45-b18), built on Oct  8 2013 05:44:25 by "java_re" with gcc 4.3.0 20080428 (Red Hat 4.3.0-8)

time: Thu Mar 31 12:03:39 2016
elapsed time: 134 seconds

